<?xml version="1.0" encoding="UTF-8"?>
<testng-results skipped="0" failed="0" total="3" passed="3">
  <reporter-output>
  </reporter-output>
  <suite name="Default suite" duration-ms="58454" started-at="2016-07-05T10:53:54Z" finished-at="2016-07-05T10:54:53Z">
    <groups>
    </groups>
    <test name="Default test" duration-ms="58454" started-at="2016-07-05T10:53:54Z" finished-at="2016-07-05T10:54:53Z">
      <class name="com.test.action.HomePage">
        <test-method status="PASS" signature="beforeClass()[pri:0, instance:com.test.action.HomePage@1ff8b8f]" name="beforeClass" is-config="true" duration-ms="23141" started-at="2016-07-05T16:23:54Z" finished-at="2016-07-05T16:24:17Z">
          <reporter-output>
          </reporter-output>
        </test-method> <!-- beforeClass -->
        <test-method status="PASS" signature="Step01_Click_Sign_In()[pri:0, instance:com.test.action.HomePage@1ff8b8f]" name="Step01_Click_Sign_In" duration-ms="1169" started-at="2016-07-05T16:24:17Z" finished-at="2016-07-05T16:24:18Z">
          <reporter-output>
          </reporter-output>
        </test-method> <!-- Step01_Click_Sign_In -->
        <test-method status="PASS" signature="Step02_Enter_Credentials()[pri:0, instance:com.test.action.HomePage@1ff8b8f]" name="Step02_Enter_Credentials" duration-ms="4919" started-at="2016-07-05T16:24:18Z" finished-at="2016-07-05T16:24:23Z">
          <reporter-output>
          </reporter-output>
        </test-method> <!-- Step02_Enter_Credentials -->
        <test-method status="PASS" signature="Step03_Create_Repository()[pri:0, instance:com.test.action.HomePage@1ff8b8f]" name="Step03_Create_Repository" duration-ms="29206" started-at="2016-07-05T16:24:23Z" finished-at="2016-07-05T16:24:53Z">
          <reporter-output>
          </reporter-output>
        </test-method> <!-- Step03_Create_Repository -->
        <test-method status="PASS" signature="afterClass()[pri:0, instance:com.test.action.HomePage@1ff8b8f]" name="afterClass" is-config="true" duration-ms="0" started-at="2016-07-05T16:24:53Z" finished-at="2016-07-05T16:24:53Z">
          <reporter-output>
          </reporter-output>
        </test-method> <!-- afterClass -->
      </class> <!-- com.test.action.HomePage -->
    </test> <!-- Default test -->
  </suite> <!-- Default suite -->
</testng-results>
